# JRE version: Java(TM) SE Runtime Environment (21.0.2+13) (build 21.0.2+13-LTS-58)
# Java VM: Java HotSpot(TM) 64-Bit Server VM (21.0.2+13-LTS-58, mixed mode, emulated-client, sharing, tiered, compressed oops, compressed class ptrs, g1 gc, windows-amd64)
GC Precious Log:
 CardTable entry size: 512
 Card Set container configuration: InlinePtr #cards 4 size 8 Array Of Cards #cards 16 size 48 Howl #buckets 8 coarsen threshold 3686 Howl Bitmap #cards 512 size 80 coarsen threshold 460 Card regions per heap region 1 cards per card region 4096
 CPUs: 4 total, 4 available
 Memory: 16268M
 Large Page Support: Disabled
 NUMA Support: Disabled
 Compressed Oops: Enabled (Zero based)
 Heap Region Size: 2M
 Heap Min Capacity: 8M
 Heap Initial Capacity: 256M
 Heap Max Capacity: 4068M
 Pre-touch: Disabled
 Parallel Workers: 4
 Concurrent Workers: 1
 Concurrent Refinement Workers: 4
 Periodic GC: Disabled
Heap:
 garbage-first heap   total 161792K, used 20919K [0x0000000701c00000, 0x0000000800000000)
  region size 2048K, 2 young (4096K), 1 survivors (2048K)
 Metaspace       used 35629K, committed 36288K, reserved 1114112K
  class space    used 4925K, committed 5248K, reserved 1048576K
GC Heap History (16 events):
Event: 0.739 GC heap before
{Heap before GC invocations=0 (full 0):
 garbage-first heap   total 262144K, used 10240K [0x0000000701c00000, 0x0000000800000000)
  region size 2048K, 6 young (12288K), 0 survivors (0K)
 Metaspace       used 3279K, committed 3456K, reserved 1114112K
  class space    used 373K, committed 448K, reserved 1048576K
}
Event: 0.745 GC heap after
{Heap after GC invocations=1 (full 0):
 garbage-first heap   total 262144K, used 6605K [0x0000000701c00000, 0x0000000800000000)
  region size 2048K, 1 young (2048K), 1 survivors (2048K)
 Metaspace       used 3279K, committed 3456K, reserved 1114112K
  class space    used 373K, committed 448K, reserved 1048576K
}
Event: 1.333 GC heap before
{Heap before GC invocations=1 (full 0):
 garbage-first heap   total 262144K, used 16845K [0x0000000701c00000, 0x0000000800000000)
  region size 2048K, 6 young (12288K), 1 survivors (2048K)
 Metaspace       used 7329K, committed 7616K, reserved 1114112K
  class space    used 893K, committed 1024K, reserved 1048576K
}
Event: 1.339 GC heap after
{Heap after GC invocations=2 (full 0):
 garbage-first heap   total 262144K, used 8284K [0x0000000701c00000, 0x0000000800000000)
  region size 2048K, 1 young (2048K), 1 survivors (2048K)
 Metaspace       used 7329K, committed 7616K, reserved 1114112K
  class space    used 893K, committed 1024K, reserved 1048576K
}
Event: 2.198 GC heap before
{Heap before GC invocations=2 (full 0):
 garbage-first heap   total 262144K, used 30812K [0x0000000701c00000, 0x0000000800000000)
  region size 2048K, 13 young (26624K), 1 survivors (2048K)
 Metaspace       used 12044K, committed 12416K, reserved 1114112K
  class space    used 1635K, committed 1792K, reserved 1048576K
}
Event: 2.208 GC heap after
{Heap after GC invocations=3 (full 0):
 garbage-first heap   total 262144K, used 9914K [0x0000000701c00000, 0x0000000800000000)
  region size 2048K, 2 young (4096K), 2 survivors (4096K)
 Metaspace       used 12044K, committed 12416K, reserved 1114112K
  class space    used 1635K, committed 1792K, reserved 1048576K
}
Event: 3.303 GC heap before
{Heap before GC invocations=3 (full 0):
 garbage-first heap   total 262144K, used 57018K [0x0000000701c00000, 0x0000000800000000)
  region size 2048K, 27 young (55296K), 2 survivors (4096K)
 Metaspace       used 21137K, committed 21504K, reserved 1114112K
  class space    used 2770K, committed 2944K, reserved 1048576K
}
Event: 3.316 GC heap after
{Heap after GC invocations=4 (full 0):
 garbage-first heap   total 262144K, used 14565K [0x0000000701c00000, 0x0000000800000000)
  region size 2048K, 4 young (8192K), 4 survivors (8192K)
 Metaspace       used 21137K, committed 21504K, reserved 1114112K
  class space    used 2770K, committed 2944K, reserved 1048576K
}
Event: 4.012 GC heap before
{Heap before GC invocations=5 (full 0):
 garbage-first heap   total 61440K, used 43237K [0x0000000701c00000, 0x0000000800000000)
  region size 2048K, 18 young (36864K), 4 survivors (8192K)
 Metaspace       used 24305K, committed 24704K, reserved 1114112K
  class space    used 3268K, committed 3456K, reserved 1048576K
}
Event: 4.027 GC heap after
{Heap after GC invocations=6 (full 0):
 garbage-first heap   total 61440K, used 16392K [0x0000000701c00000, 0x0000000800000000)
  region size 2048K, 2 young (4096K), 2 survivors (4096K)
 Metaspace       used 24305K, committed 24704K, reserved 1114112K
  class space    used 3268K, committed 3456K, reserved 1048576K
}
Event: 4.663 GC heap before
{Heap before GC invocations=6 (full 0):
 garbage-first heap   total 61440K, used 45064K [0x0000000701c00000, 0x0000000800000000)
  region size 2048K, 16 young (32768K), 2 survivors (4096K)
 Metaspace       used 28877K, committed 29440K, reserved 1114112K
  class space    used 3931K, committed 4160K, reserved 1048576K
}
Event: 4.672 GC heap after
{Heap after GC invocations=7 (full 0):
 garbage-first heap   total 61440K, used 19200K [0x0000000701c00000, 0x0000000800000000)
  region size 2048K, 2 young (4096K), 2 survivors (4096K)
 Metaspace       used 28877K, committed 29440K, reserved 1114112K
  class space    used 3931K, committed 4160K, reserved 1048576K
}
Event: 5.270 GC heap before
{Heap before GC invocations=7 (full 0):
 garbage-first heap   total 61440K, used 47872K [0x0000000701c00000, 0x0000000800000000)
  region size 2048K, 16 young (32768K), 2 survivors (4096K)
 Metaspace       used 34137K, committed 34752K, reserved 1114112K
  class space    used 4686K, committed 4928K, reserved 1048576K
}
Event: 5.280 GC heap after
{Heap after GC invocations=8 (full 0):
 garbage-first heap   total 161792K, used 20850K [0x0000000701c00000, 0x0000000800000000)
  region size 2048K, 1 young (2048K), 1 survivors (2048K)
 Metaspace       used 34137K, committed 34752K, reserved 1114112K
  class space    used 4686K, committed 4928K, reserved 1048576K
}
Event: 5.395 GC heap before
{Heap before GC invocations=8 (full 0):
 garbage-first heap   total 161792K, used 24946K [0x0000000701c00000, 0x0000000800000000)
  region size 2048K, 4 young (8192K), 1 survivors (2048K)
 Metaspace       used 35313K, committed 35968K, reserved 1114112K
  class space    used 4865K, committed 5184K, reserved 1048576K
}
Event: 5.399 GC heap after
{Heap after GC invocations=9 (full 0):
 garbage-first heap   total 161792K, used 20919K [0x0000000701c00000, 0x0000000800000000)
  region size 2048K, 1 young (2048K), 1 survivors (2048K)
 Metaspace       used 35313K, committed 35968K, reserved 1114112K
  class space    used 4865K, committed 5184K, reserved 1048576K
}

