# JRE version: OpenJDK Runtime Environment Temurin-17.0.10+7 (17.0.10+7) (build 17.0.10+7)
# Java VM: OpenJDK 64-Bit Server VM Temurin-17.0.10+7 (17.0.10+7, mixed mode, tiered, compressed oops, compressed class ptrs, parallel gc, windows-amd64)
GC Precious Log:
 CPUs: 2 total, 2 available
 Memory: 3463M
 Large Page Support: Disabled
 NUMA Support: Disabled
 Compressed Oops: Enabled (32-bit)
 Alignments: Space 512K, Generation 512K, Heap 2M
 Heap Min Capacity: 100M
 Heap Initial Capacity: 100M
 Heap Max Capacity: 1G
 Pre-touch: Disabled
 Parallel Workers: 2
Heap:
 PSYoungGen      total 39424K, used 25352K [0x00000000eab00000, 0x00000000ed980000, 0x0000000100000000)
  eden space 31232K, 55% used [0x00000000eab00000,0x00000000ebc0a348,0x00000000ec980000)
  from space 8192K, 96% used [0x00000000ed180000,0x00000000ed938040,0x00000000ed980000)
  to   space 8192K, 0% used [0x00000000ec980000,0x00000000ec980000,0x00000000ed180000)
 ParOldGen       total 168448K, used 135018K [0x00000000c0000000, 0x00000000ca480000, 0x00000000eab00000)
  object space 168448K, 80% used [0x00000000c0000000,0x00000000c83daad8,0x00000000ca480000)
 Metaspace       used 80484K, committed 81920K, reserved 1179648K
  class space    used 8424K, committed 9024K, reserved 1048576K
GC Heap History (20 events):
Event: 110.856 GC heap before
{Heap before GC invocations=154 (full 6):
 PSYoungGen      total 31744K, used 31728K [0x00000000eab00000, 0x00000000ed280000, 0x0000000100000000)
  eden space 28160K, 99% used [0x00000000eab00000,0x00000000ec67f690,0x00000000ec680000)
  from space 3584K, 99% used [0x00000000ecc80000,0x00000000ecffcc80,0x00000000ed000000)
  to   space 6144K, 0% used [0x00000000ec680000,0x00000000ec680000,0x00000000ecc80000)
 ParOldGen       total 168448K, used 131107K [0x00000000c0000000, 0x00000000ca480000, 0x00000000eab00000)
  object space 168448K, 77% used [0x00000000c0000000,0x00000000c8008de0,0x00000000ca480000)
 Metaspace       used 79940K, committed 81344K, reserved 1179648K
  class space    used 8392K, committed 9024K, reserved 1048576K
}
Event: 110.864 GC heap after
{Heap after GC invocations=154 (full 6):
 PSYoungGen      total 34304K, used 5427K [0x00000000eab00000, 0x00000000ed200000, 0x0000000100000000)
  eden space 28160K, 0% used [0x00000000eab00000,0x00000000eab00000,0x00000000ec680000)
  from space 6144K, 88% used [0x00000000ec680000,0x00000000ecbccca0,0x00000000ecc80000)
  to   space 5632K, 0% used [0x00000000ecc80000,0x00000000ecc80000,0x00000000ed200000)
 ParOldGen       total 168448K, used 131123K [0x00000000c0000000, 0x00000000ca480000, 0x00000000eab00000)
  object space 168448K, 77% used [0x00000000c0000000,0x00000000c800cde0,0x00000000ca480000)
 Metaspace       used 79940K, committed 81344K, reserved 1179648K
  class space    used 8392K, committed 9024K, reserved 1048576K
}
Event: 111.763 GC heap before
{Heap before GC invocations=155 (full 6):
 PSYoungGen      total 34304K, used 33587K [0x00000000eab00000, 0x00000000ed200000, 0x0000000100000000)
  eden space 28160K, 100% used [0x00000000eab00000,0x00000000ec680000,0x00000000ec680000)
  from space 6144K, 88% used [0x00000000ec680000,0x00000000ecbccca0,0x00000000ecc80000)
  to   space 5632K, 0% used [0x00000000ecc80000,0x00000000ecc80000,0x00000000ed200000)
 ParOldGen       total 168448K, used 131123K [0x00000000c0000000, 0x00000000ca480000, 0x00000000eab00000)
  object space 168448K, 77% used [0x00000000c0000000,0x00000000c800cde0,0x00000000ca480000)
 Metaspace       used 80001K, committed 81408K, reserved 1179648K
  class space    used 8393K, committed 9024K, reserved 1048576K
}
Event: 111.776 GC heap after
{Heap after GC invocations=155 (full 6):
 PSYoungGen      total 32256K, used 5603K [0x00000000eab00000, 0x00000000ed600000, 0x0000000100000000)
  eden space 26624K, 0% used [0x00000000eab00000,0x00000000eab00000,0x00000000ec500000)
  from space 5632K, 99% used [0x00000000ecc80000,0x00000000ed1f8c70,0x00000000ed200000)
  to   space 7680K, 0% used [0x00000000ec500000,0x00000000ec500000,0x00000000ecc80000)
 ParOldGen       total 168448K, used 132827K [0x00000000c0000000, 0x00000000ca480000, 0x00000000eab00000)
  object space 168448K, 78% used [0x00000000c0000000,0x00000000c81b6df0,0x00000000ca480000)
 Metaspace       used 80001K, committed 81408K, reserved 1179648K
  class space    used 8393K, committed 9024K, reserved 1048576K
}
Event: 113.014 GC heap before
{Heap before GC invocations=156 (full 6):
 PSYoungGen      total 32256K, used 32227K [0x00000000eab00000, 0x00000000ed600000, 0x0000000100000000)
  eden space 26624K, 100% used [0x00000000eab00000,0x00000000ec500000,0x00000000ec500000)
  from space 5632K, 99% used [0x00000000ecc80000,0x00000000ed1f8c70,0x00000000ed200000)
  to   space 7680K, 0% used [0x00000000ec500000,0x00000000ec500000,0x00000000ecc80000)
 ParOldGen       total 168448K, used 132827K [0x00000000c0000000, 0x00000000ca480000, 0x00000000eab00000)
  object space 168448K, 78% used [0x00000000c0000000,0x00000000c81b6df0,0x00000000ca480000)
 Metaspace       used 80198K, committed 81664K, reserved 1179648K
  class space    used 8412K, committed 9024K, reserved 1048576K
}
Event: 113.022 GC heap after
{Heap after GC invocations=156 (full 6):
 PSYoungGen      total 32768K, used 5911K [0x00000000eab00000, 0x00000000ed280000, 0x0000000100000000)
  eden space 26624K, 0% used [0x00000000eab00000,0x00000000eab00000,0x00000000ec500000)
  from space 6144K, 96% used [0x00000000ec500000,0x00000000ecac5eb0,0x00000000ecb00000)
  to   space 6656K, 0% used [0x00000000ecc00000,0x00000000ecc00000,0x00000000ed280000)
 ParOldGen       total 168448K, used 132835K [0x00000000c0000000, 0x00000000ca480000, 0x00000000eab00000)
  object space 168448K, 78% used [0x00000000c0000000,0x00000000c81b8df0,0x00000000ca480000)
 Metaspace       used 80198K, committed 81664K, reserved 1179648K
  class space    used 8412K, committed 9024K, reserved 1048576K
}
Event: 113.093 GC heap before
{Heap before GC invocations=157 (full 6):
 PSYoungGen      total 32768K, used 32535K [0x00000000eab00000, 0x00000000ed280000, 0x0000000100000000)
  eden space 26624K, 100% used [0x00000000eab00000,0x00000000ec500000,0x00000000ec500000)
  from space 6144K, 96% used [0x00000000ec500000,0x00000000ecac5eb0,0x00000000ecb00000)
  to   space 6656K, 0% used [0x00000000ecc00000,0x00000000ecc00000,0x00000000ed280000)
 ParOldGen       total 168448K, used 132835K [0x00000000c0000000, 0x00000000ca480000, 0x00000000eab00000)
  object space 168448K, 78% used [0x00000000c0000000,0x00000000c81b8df0,0x00000000ca480000)
 Metaspace       used 80198K, committed 81664K, reserved 1179648K
  class space    used 8412K, committed 9024K, reserved 1048576K
}
Event: 113.102 GC heap after
{Heap after GC invocations=157 (full 6):
 PSYoungGen      total 32256K, used 6634K [0x00000000eab00000, 0x00000000ed600000, 0x0000000100000000)
  eden space 25600K, 0% used [0x00000000eab00000,0x00000000eab00000,0x00000000ec400000)
  from space 6656K, 99% used [0x00000000ecc00000,0x00000000ed27abc8,0x00000000ed280000)
  to   space 8192K, 0% used [0x00000000ec400000,0x00000000ec400000,0x00000000ecc00000)
 ParOldGen       total 168448K, used 134023K [0x00000000c0000000, 0x00000000ca480000, 0x00000000eab00000)
  object space 168448K, 79% used [0x00000000c0000000,0x00000000c82e1de0,0x00000000ca480000)
 Metaspace       used 80198K, committed 81664K, reserved 1179648K
  class space    used 8412K, committed 9024K, reserved 1048576K
}
Event: 113.141 GC heap before
{Heap before GC invocations=158 (full 6):
 PSYoungGen      total 32256K, used 32234K [0x00000000eab00000, 0x00000000ed600000, 0x0000000100000000)
  eden space 25600K, 100% used [0x00000000eab00000,0x00000000ec400000,0x00000000ec400000)
  from space 6656K, 99% used [0x00000000ecc00000,0x00000000ed27abc8,0x00000000ed280000)
  to   space 8192K, 0% used [0x00000000ec400000,0x00000000ec400000,0x00000000ecc00000)
 ParOldGen       total 168448K, used 134023K [0x00000000c0000000, 0x00000000ca480000, 0x00000000eab00000)
  object space 168448K, 79% used [0x00000000c0000000,0x00000000c82e1de0,0x00000000ca480000)
 Metaspace       used 80226K, committed 81664K, reserved 1179648K
  class space    used 8412K, committed 9024K, reserved 1048576K
}
Event: 113.148 GC heap after
{Heap after GC invocations=158 (full 6):
 PSYoungGen      total 33792K, used 7050K [0x00000000eab00000, 0x00000000ed480000, 0x0000000100000000)
  eden space 25600K, 0% used [0x00000000eab00000,0x00000000eab00000,0x00000000ec400000)
  from space 8192K, 86% used [0x00000000ec400000,0x00000000ecae2bc8,0x00000000ecc00000)
  to   space 7680K, 0% used [0x00000000ecd00000,0x00000000ecd00000,0x00000000ed480000)
 ParOldGen       total 168448K, used 134039K [0x00000000c0000000, 0x00000000ca480000, 0x00000000eab00000)
  object space 168448K, 79% used [0x00000000c0000000,0x00000000c82e5de0,0x00000000ca480000)
 Metaspace       used 80226K, committed 81664K, reserved 1179648K
  class space    used 8412K, committed 9024K, reserved 1048576K
}
Event: 113.257 GC heap before
{Heap before GC invocations=159 (full 6):
 PSYoungGen      total 33792K, used 32650K [0x00000000eab00000, 0x00000000ed480000, 0x0000000100000000)
  eden space 25600K, 100% used [0x00000000eab00000,0x00000000ec400000,0x00000000ec400000)
  from space 8192K, 86% used [0x00000000ec400000,0x00000000ecae2bc8,0x00000000ecc00000)
  to   space 7680K, 0% used [0x00000000ecd00000,0x00000000ecd00000,0x00000000ed480000)
 ParOldGen       total 168448K, used 134039K [0x00000000c0000000, 0x00000000ca480000, 0x00000000eab00000)
  object space 168448K, 79% used [0x00000000c0000000,0x00000000c82e5de0,0x00000000ca480000)
 Metaspace       used 80230K, committed 81664K, reserved 1179648K
  class space    used 8412K, committed 9024K, reserved 1048576K
}
Event: 113.266 GC heap after
{Heap after GC invocations=159 (full 6):
 PSYoungGen      total 34304K, used 6771K [0x00000000eab00000, 0x00000000ed400000, 0x0000000100000000)
  eden space 27136K, 0% used [0x00000000eab00000,0x00000000eab00000,0x00000000ec580000)
  from space 7168K, 94% used [0x00000000ecd00000,0x00000000ed39ce28,0x00000000ed400000)
  to   space 7168K, 0% used [0x00000000ec600000,0x00000000ec600000,0x00000000ecd00000)
 ParOldGen       total 168448K, used 134047K [0x00000000c0000000, 0x00000000ca480000, 0x00000000eab00000)
  object space 168448K, 79% used [0x00000000c0000000,0x00000000c82e7de0,0x00000000ca480000)
 Metaspace       used 80230K, committed 81664K, reserved 1179648K
  class space    used 8412K, committed 9024K, reserved 1048576K
}
Event: 113.322 GC heap before
{Heap before GC invocations=160 (full 6):
 PSYoungGen      total 34304K, used 33907K [0x00000000eab00000, 0x00000000ed400000, 0x0000000100000000)
  eden space 27136K, 100% used [0x00000000eab00000,0x00000000ec580000,0x00000000ec580000)
  from space 7168K, 94% used [0x00000000ecd00000,0x00000000ed39ce28,0x00000000ed400000)
  to   space 7168K, 0% used [0x00000000ec600000,0x00000000ec600000,0x00000000ecd00000)
 ParOldGen       total 168448K, used 134047K [0x00000000c0000000, 0x00000000ca480000, 0x00000000eab00000)
  object space 168448K, 79% used [0x00000000c0000000,0x00000000c82e7de0,0x00000000ca480000)
 Metaspace       used 80230K, committed 81664K, reserved 1179648K
  class space    used 8412K, committed 9024K, reserved 1048576K
}
Event: 113.330 GC heap after
{Heap after GC invocations=160 (full 6):
 PSYoungGen      total 34816K, used 7151K [0x00000000eab00000, 0x00000000ed680000, 0x0000000100000000)
  eden space 27648K, 0% used [0x00000000eab00000,0x00000000eab00000,0x00000000ec600000)
  from space 7168K, 99% used [0x00000000ec600000,0x00000000eccfbdf0,0x00000000ecd00000)
  to   space 7680K, 0% used [0x00000000ecf00000,0x00000000ecf00000,0x00000000ed680000)
 ParOldGen       total 168448K, used 134183K [0x00000000c0000000, 0x00000000ca480000, 0x00000000eab00000)
  object space 168448K, 79% used [0x00000000c0000000,0x00000000c8309de0,0x00000000ca480000)
 Metaspace       used 80230K, committed 81664K, reserved 1179648K
  class space    used 8412K, committed 9024K, reserved 1048576K
}
Event: 113.376 GC heap before
{Heap before GC invocations=161 (full 6):
 PSYoungGen      total 34816K, used 34799K [0x00000000eab00000, 0x00000000ed680000, 0x0000000100000000)
  eden space 27648K, 100% used [0x00000000eab00000,0x00000000ec600000,0x00000000ec600000)
  from space 7168K, 99% used [0x00000000ec600000,0x00000000eccfbdf0,0x00000000ecd00000)
  to   space 7680K, 0% used [0x00000000ecf00000,0x00000000ecf00000,0x00000000ed680000)
 ParOldGen       total 168448K, used 134183K [0x00000000c0000000, 0x00000000ca480000, 0x00000000eab00000)
  object space 168448K, 79% used [0x00000000c0000000,0x00000000c8309de0,0x00000000ca480000)
 Metaspace       used 80230K, committed 81664K, reserved 1179648K
  class space    used 8412K, committed 9024K, reserved 1048576K
}
Event: 113.386 GC heap after
{Heap after GC invocations=161 (full 6):
 PSYoungGen      total 36864K, used 7587K [0x00000000eab00000, 0x00000000ed700000, 0x0000000100000000)
  eden space 29184K, 0% used [0x00000000eab00000,0x00000000eab00000,0x00000000ec780000)
  from space 7680K, 98% used [0x00000000ecf00000,0x00000000ed668da8,0x00000000ed680000)
  to   space 7680K, 0% used [0x00000000ec780000,0x00000000ec780000,0x00000000ecf00000)
 ParOldGen       total 168448K, used 134263K [0x00000000c0000000, 0x00000000ca480000, 0x00000000eab00000)
  object space 168448K, 79% used [0x00000000c0000000,0x00000000c831dde0,0x00000000ca480000)
 Metaspace       used 80230K, committed 81664K, reserved 1179648K
  class space    used 8412K, committed 9024K, reserved 1048576K
}
Event: 113.707 GC heap before
{Heap before GC invocations=162 (full 6):
 PSYoungGen      total 36864K, used 36771K [0x00000000eab00000, 0x00000000ed700000, 0x0000000100000000)
  eden space 29184K, 100% used [0x00000000eab00000,0x00000000ec780000,0x00000000ec780000)
  from space 7680K, 98% used [0x00000000ecf00000,0x00000000ed668da8,0x00000000ed680000)
  to   space 7680K, 0% used [0x00000000ec780000,0x00000000ec780000,0x00000000ecf00000)
 ParOldGen       total 168448K, used 134263K [0x00000000c0000000, 0x00000000ca480000, 0x00000000eab00000)
  object space 168448K, 79% used [0x00000000c0000000,0x00000000c831dde0,0x00000000ca480000)
 Metaspace       used 80232K, committed 81664K, reserved 1179648K
  class space    used 8412K, committed 9024K, reserved 1048576K
}
Event: 113.717 GC heap after
{Heap after GC invocations=162 (full 6):
 PSYoungGen      total 36864K, used 7651K [0x00000000eab00000, 0x00000000ed980000, 0x0000000100000000)
  eden space 29184K, 0% used [0x00000000eab00000,0x00000000eab00000,0x00000000ec780000)
  from space 7680K, 99% used [0x00000000ec780000,0x00000000ecef8c40,0x00000000ecf00000)
  to   space 8192K, 0% used [0x00000000ed180000,0x00000000ed180000,0x00000000ed980000)
 ParOldGen       total 168448K, used 134615K [0x00000000c0000000, 0x00000000ca480000, 0x00000000eab00000)
  object space 168448K, 79% used [0x00000000c0000000,0x00000000c8375e00,0x00000000ca480000)
 Metaspace       used 80232K, committed 81664K, reserved 1179648K
  class space    used 8412K, committed 9024K, reserved 1048576K
}
Event: 113.859 GC heap before
{Heap before GC invocations=163 (full 6):
 PSYoungGen      total 36864K, used 36831K [0x00000000eab00000, 0x00000000ed980000, 0x0000000100000000)
  eden space 29184K, 99% used [0x00000000eab00000,0x00000000ec77f2a0,0x00000000ec780000)
  from space 7680K, 99% used [0x00000000ec780000,0x00000000ecef8c40,0x00000000ecf00000)
  to   space 8192K, 0% used [0x00000000ed180000,0x00000000ed180000,0x00000000ed980000)
 ParOldGen       total 168448K, used 134615K [0x00000000c0000000, 0x00000000ca480000, 0x00000000eab00000)
  object space 168448K, 79% used [0x00000000c0000000,0x00000000c8375e00,0x00000000ca480000)
 Metaspace       used 80290K, committed 81728K, reserved 1179648K
  class space    used 8416K, committed 9024K, reserved 1048576K
}
Event: 113.870 GC heap after
{Heap after GC invocations=163 (full 6):
 PSYoungGen      total 39424K, used 7904K [0x00000000eab00000, 0x00000000ed980000, 0x0000000100000000)
  eden space 31232K, 0% used [0x00000000eab00000,0x00000000eab00000,0x00000000ec980000)
  from space 8192K, 96% used [0x00000000ed180000,0x00000000ed938040,0x00000000ed980000)
  to   space 8192K, 0% used [0x00000000ec980000,0x00000000ec980000,0x00000000ed180000)
 ParOldGen       total 168448K, used 135018K [0x00000000c0000000, 0x00000000ca480000, 0x00000000eab00000)
  object space 168448K, 80% used [0x00000000c0000000,0x00000000c83daad8,0x00000000ca480000)
 Metaspace       used 80290K, committed 81728K, reserved 1179648K
  class space    used 8416K, committed 9024K, reserved 1048576K
}

